# JRE version: Java(TM) SE Runtime Environment (8.0_202-b08) (build 1.8.0_202-b08)
# Java VM: Java HotSpot(TM) 64-Bit Server VM (25.202-b08 mixed mode windows-amd64 compressed oops)
Heap:
 PSYoungGen      total 166400K, used 41225K [0x00000000eb400000, 0x00000000f8100000, 0x0000000100000000)
  eden space 157184K, 24% used [0x00000000eb400000,0x00000000ed8f70b0,0x00000000f4d80000)
  from space 9216K, 36% used [0x00000000f5980000,0x00000000f5ccb520,0x00000000f6280000)
  to   space 12288K, 0% used [0x00000000f4d80000,0x00000000f4d80000,0x00000000f5980000)
 ParOldGen       total 56832K, used 18669K [0x00000000c1c00000, 0x00000000c5380000, 0x00000000eb400000)
  object space 56832K, 32% used [0x00000000c1c00000,0x00000000c2e3b4f8,0x00000000c5380000)
 Metaspace       used 36763K, capacity 38936K, committed 39080K, reserved 1085440K
  class space    used 4992K, capacity 5425K, committed 5544K, reserved 1048576K
GC Heap History (10 events):
Event: 14.138 GC heap before
{Heap before GC invocations=10 (full 1):
 PSYoungGen      total 117760K, used 117426K [0x00000000eb400000, 0x00000000f3f80000, 0x0000000100000000)
  eden space 112128K, 100% used [0x00000000eb400000,0x00000000f2180000,0x00000000f2180000)
  from space 5632K, 94% used [0x00000000f3a00000,0x00000000f3f2caa0,0x00000000f3f80000)
  to   space 7168K, 0% used [0x00000000f3180000,0x00000000f3180000,0x00000000f3880000)
 ParOldGen       total 35840K, used 11397K [0x00000000c1c00000, 0x00000000c3f00000, 0x00000000eb400000)
  object space 35840K, 31% used [0x00000000c1c00000,0x00000000c2721718,0x00000000c3f00000)
 Metaspace       used 27286K, capacity 28588K, committed 28592K, reserved 1073152K
  class space    used 3707K, capacity 4012K, committed 4016K, reserved 1048576K
Event: 14.155 GC heap after
Heap after GC invocations=10 (full 1):
 PSYoungGen      total 135680K, used 7166K [0x00000000eb400000, 0x00000000f6280000, 0x0000000100000000)
  eden space 128512K, 0% used [0x00000000eb400000,0x00000000eb400000,0x00000000f3180000)
  from space 7168K, 99% used [0x00000000f3180000,0x00000000f387fbe0,0x00000000f3880000)
  to   space 9216K, 0% used [0x00000000f5980000,0x00000000f5980000,0x00000000f6280000)
 ParOldGen       total 35840K, used 14598K [0x00000000c1c00000, 0x00000000c3f00000, 0x00000000eb400000)
  object space 35840K, 40% used [0x00000000c1c00000,0x00000000c2a41810,0x00000000c3f00000)
 Metaspace       used 27286K, capacity 28588K, committed 28592K, reserved 1073152K
  class space    used 3707K, capacity 4012K, committed 4016K, reserved 1048576K
}
Event: 15.802 GC heap before
{Heap before GC invocations=11 (full 1):
 PSYoungGen      total 135680K, used 135678K [0x00000000eb400000, 0x00000000f6280000, 0x0000000100000000)
  eden space 128512K, 100% used [0x00000000eb400000,0x00000000f3180000,0x00000000f3180000)
  from space 7168K, 99% used [0x00000000f3180000,0x00000000f387fbe0,0x00000000f3880000)
  to   space 9216K, 0% used [0x00000000f5980000,0x00000000f5980000,0x00000000f6280000)
 ParOldGen       total 35840K, used 14598K [0x00000000c1c00000, 0x00000000c3f00000, 0x00000000eb400000)
  object space 35840K, 40% used [0x00000000c1c00000,0x00000000c2a41810,0x00000000c3f00000)
 Metaspace       used 31675K, capacity 33460K, committed 33584K, reserved 1079296K
  class space    used 4264K, capacity 4606K, committed 4656K, reserved 1048576K
Event: 15.841 GC heap after
Heap after GC invocations=11 (full 1):
 PSYoungGen      total 166400K, used 9209K [0x00000000eb400000, 0x00000000f8100000, 0x0000000100000000)
  eden space 157184K, 0% used [0x00000000eb400000,0x00000000eb400000,0x00000000f4d80000)
  from space 9216K, 99% used [0x00000000f5980000,0x00000000f627e4a8,0x00000000f6280000)
  to   space 12288K, 0% used [0x00000000f4d80000,0x00000000f4d80000,0x00000000f5980000)
 ParOldGen       total 35840K, used 20141K [0x00000000c1c00000, 0x00000000c3f00000, 0x00000000eb400000)
  object space 35840K, 56% used [0x00000000c1c00000,0x00000000c2fab568,0x00000000c3f00000)
 Metaspace       used 31675K, capacity 33460K, committed 33584K, reserved 1079296K
  class space    used 4264K, capacity 4606K, committed 4656K, reserved 1048576K
}
Event: 16.950 GC heap before
{Heap before GC invocations=12 (full 1):
 PSYoungGen      total 166400K, used 52038K [0x00000000eb400000, 0x00000000f8100000, 0x0000000100000000)
  eden space 157184K, 27% used [0x00000000eb400000,0x00000000eddd3658,0x00000000f4d80000)
  from space 9216K, 99% used [0x00000000f5980000,0x00000000f627e4a8,0x00000000f6280000)
  to   space 12288K, 0% used [0x00000000f4d80000,0x00000000f4d80000,0x00000000f5980000)
 ParOldGen       total 35840K, used 20141K [0x00000000c1c00000, 0x00000000c3f00000, 0x00000000eb400000)
  object space 35840K, 56% used [0x00000000c1c00000,0x00000000c2fab568,0x00000000c3f00000)
 Metaspace       used 33533K, capacity 35370K, committed 35496K, reserved 1079296K
  class space    used 4556K, capacity 4935K, committed 5032K, reserved 1048576K
Event: 16.967 GC heap after
Heap after GC invocations=12 (full 1):
 PSYoungGen      total 169472K, used 2904K [0x00000000eb400000, 0x00000000f8100000, 0x0000000100000000)
  eden space 157184K, 0% used [0x00000000eb400000,0x00000000eb400000,0x00000000f4d80000)
  from space 12288K, 23% used [0x00000000f4d80000,0x00000000f50563f8,0x00000000f5980000)
  to   space 9216K, 0% used [0x00000000f5980000,0x00000000f5980000,0x00000000f6280000)
 ParOldGen       total 35840K, used 28848K [0x00000000c1c00000, 0x00000000c3f00000, 0x00000000eb400000)
  object space 35840K, 80% used [0x00000000c1c00000,0x00000000c382c1d8,0x00000000c3f00000)
 Metaspace       used 33533K, capacity 35370K, committed 35496K, reserved 1079296K
  class space    used 4556K, capacity 4935K, committed 5032K, reserved 1048576K
}
Event: 16.967 GC heap before
{Heap before GC invocations=13 (full 2):
 PSYoungGen      total 169472K, used 2904K [0x00000000eb400000, 0x00000000f8100000, 0x0000000100000000)
  eden space 157184K, 0% used [0x00000000eb400000,0x00000000eb400000,0x00000000f4d80000)
  from space 12288K, 23% used [0x00000000f4d80000,0x00000000f50563f8,0x00000000f5980000)
  to   space 9216K, 0% used [0x00000000f5980000,0x00000000f5980000,0x00000000f6280000)
 ParOldGen       total 35840K, used 28848K [0x00000000c1c00000, 0x00000000c3f00000, 0x00000000eb400000)
  object space 35840K, 80% used [0x00000000c1c00000,0x00000000c382c1d8,0x00000000c3f00000)
 Metaspace       used 33533K, capacity 35370K, committed 35496K, reserved 1079296K
  class space    used 4556K, capacity 4935K, committed 5032K, reserved 1048576K
Event: 17.120 GC heap after
Heap after GC invocations=13 (full 2):
 PSYoungGen      total 169472K, used 0K [0x00000000eb400000, 0x00000000f8100000, 0x0000000100000000)
  eden space 157184K, 0% used [0x00000000eb400000,0x00000000eb400000,0x00000000f4d80000)
  from space 12288K, 0% used [0x00000000f4d80000,0x00000000f4d80000,0x00000000f5980000)
  to   space 9216K, 0% used [0x00000000f5980000,0x00000000f5980000,0x00000000f6280000)
 ParOldGen       total 56832K, used 18661K [0x00000000c1c00000, 0x00000000c5380000, 0x00000000eb400000)
  object space 56832K, 32% used [0x00000000c1c00000,0x00000000c2e394f8,0x00000000c5380000)
 Metaspace       used 33533K, capacity 35370K, committed 35496K, reserved 1079296K
  class space    used 4556K, capacity 4935K, committed 5032K, reserved 1048576K
}
Event: 18.458 GC heap before
{Heap before GC invocations=14 (full 2):
 PSYoungGen      total 169472K, used 157184K [0x00000000eb400000, 0x00000000f8100000, 0x0000000100000000)
  eden space 157184K, 100% used [0x00000000eb400000,0x00000000f4d80000,0x00000000f4d80000)
  from space 12288K, 0% used [0x00000000f4d80000,0x00000000f4d80000,0x00000000f5980000)
  to   space 9216K, 0% used [0x00000000f5980000,0x00000000f5980000,0x00000000f6280000)
 ParOldGen       total 56832K, used 18661K [0x00000000c1c00000, 0x00000000c5380000, 0x00000000eb400000)
  object space 56832K, 32% used [0x00000000c1c00000,0x00000000c2e394f8,0x00000000c5380000)
 Metaspace       used 36281K, capacity 38414K, committed 38696K, reserved 1085440K
  class space    used 4927K, capacity 5321K, committed 5416K, reserved 1048576K
Event: 18.463 GC heap after
Heap after GC invocations=14 (full 2):
 PSYoungGen      total 166400K, used 3373K [0x00000000eb400000, 0x00000000f8100000, 0x0000000100000000)
  eden space 157184K, 0% used [0x00000000eb400000,0x00000000eb400000,0x00000000f4d80000)
  from space 9216K, 36% used [0x00000000f5980000,0x00000000f5ccb520,0x00000000f6280000)
  to   space 12288K, 0% used [0x00000000f4d80000,0x00000000f4d80000,0x00000000f5980000)
 ParOldGen       total 56832K, used 18669K [0x00000000c1c00000, 0x00000000c5380000, 0x00000000eb400000)
  object space 56832K, 32% used [0x00000000c1c00000,0x00000000c2e3b4f8,0x00000000c5380000)
 Metaspace       used 36281K, capacity 38414K, committed 38696K, reserved 1085440K
  class space    used 4927K, capacity 5321K, committed 5416K, reserved 1048576K
}

